0 info it worked if it ends with ok
1 verbose cli [ '/usr/local/bin/node', '/usr/local/bin/npm', 'i', '-g', 'yarn' ]
2 info using npm@3.10.10
3 info using node@v6.11.3
4 silly loadCurrentTree Starting
5 silly install loadCurrentTree
6 silly install readGlobalPackageData
7 silly fetchPackageMetaData yarn
8 silly fetchNamedPackageData yarn
9 silly mapToRegistry name yarn
10 silly mapToRegistry using default registry
11 silly mapToRegistry registry https://registry.npmjs.org/
12 silly mapToRegistry data Result {
12 silly mapToRegistry   raw: 'yarn',
12 silly mapToRegistry   scope: null,
12 silly mapToRegistry   escapedName: 'yarn',
12 silly mapToRegistry   name: 'yarn',
12 silly mapToRegistry   rawSpec: '',
12 silly mapToRegistry   spec: 'latest',
12 silly mapToRegistry   type: 'tag' }
13 silly mapToRegistry uri https://registry.npmjs.org/yarn
14 verbose request uri https://registry.npmjs.org/yarn
15 verbose request no auth needed
16 info attempt registry request try #1 at 12:32:00 PM
17 verbose request id 304bd1531fa118e0
18 http request GET https://registry.npmjs.org/yarn
19 http 200 https://registry.npmjs.org/yarn
20 verbose headers { server: 'nginx/1.10.1',
20 verbose headers   'content-type': 'application/json',
20 verbose headers   'last-modified': 'Thu, 28 Sep 2017 09:20:37 GMT',
20 verbose headers   etag: 'W/"59ccbee5-31587"',
20 verbose headers   'content-encoding': 'gzip',
20 verbose headers   'cache-control': 'max-age=300',
20 verbose headers   'content-length': '11804',
20 verbose headers   'accept-ranges': 'bytes',
20 verbose headers   date: 'Fri, 29 Sep 2017 09:32:01 GMT',
20 verbose headers   via: '1.1 varnish',
20 verbose headers   age: '48',
20 verbose headers   connection: 'keep-alive',
20 verbose headers   'x-served-by': 'cache-hhn1526-HHN',
20 verbose headers   'x-cache': 'HIT',
20 verbose headers   'x-cache-hits': '2',
20 verbose headers   'x-timer': 'S1506677521.007070,VS0,VE0',
20 verbose headers   vary: 'Accept-Encoding, Accept' }
21 silly get cb [ 200,
21 silly get   { server: 'nginx/1.10.1',
21 silly get     'content-type': 'application/json',
21 silly get     'last-modified': 'Thu, 28 Sep 2017 09:20:37 GMT',
21 silly get     etag: 'W/"59ccbee5-31587"',
21 silly get     'content-encoding': 'gzip',
21 silly get     'cache-control': 'max-age=300',
21 silly get     'content-length': '11804',
21 silly get     'accept-ranges': 'bytes',
21 silly get     date: 'Fri, 29 Sep 2017 09:32:01 GMT',
21 silly get     via: '1.1 varnish',
21 silly get     age: '48',
21 silly get     connection: 'keep-alive',
21 silly get     'x-served-by': 'cache-hhn1526-HHN',
21 silly get     'x-cache': 'HIT',
21 silly get     'x-cache-hits': '2',
21 silly get     'x-timer': 'S1506677521.007070,VS0,VE0',
21 silly get     vary: 'Accept-Encoding, Accept' } ]
22 verbose get saving yarn to /Users/vskry/.npm/registry.npmjs.org/yarn/.cache.json
23 verbose correctMkdir /Users/vskry/.npm correctMkdir not in flight; initializing
24 verbose makeDirectory /Users/vskry/.npm creation not in flight; initializing
25 silly makeDirectory /Users/vskry/.npm uid: 1416863770 gid: 188724832
26 silly install normalizeTree
27 silly loadCurrentTree Finishing
28 silly loadIdealTree Starting
29 silly install loadIdealTree
30 silly cloneCurrentTree Starting
31 silly install cloneCurrentTreeToIdealTree
32 silly cloneCurrentTree Finishing
33 silly loadShrinkwrap Starting
34 silly install loadShrinkwrap
35 silly loadShrinkwrap Finishing
36 silly loadAllDepsIntoIdealTree Starting
37 silly install loadAllDepsIntoIdealTree
38 silly resolveWithNewModule yarn@1.1.0 checking installable status
39 silly cache add args [ 'yarn', null ]
40 verbose cache add spec yarn
41 silly cache add parsed spec Result {
41 silly cache add   raw: 'yarn',
41 silly cache add   scope: null,
41 silly cache add   escapedName: 'yarn',
41 silly cache add   name: 'yarn',
41 silly cache add   rawSpec: '',
41 silly cache add   spec: 'latest',
41 silly cache add   type: 'tag' }
42 silly addNamed yarn@latest
43 verbose addNamed "latest" is being treated as a dist-tag for yarn
44 info addNameTag [ 'yarn', 'latest' ]
45 silly mapToRegistry name yarn
46 silly mapToRegistry using default registry
47 silly mapToRegistry registry https://registry.npmjs.org/
48 silly mapToRegistry data Result {
48 silly mapToRegistry   raw: 'yarn',
48 silly mapToRegistry   scope: null,
48 silly mapToRegistry   escapedName: 'yarn',
48 silly mapToRegistry   name: 'yarn',
48 silly mapToRegistry   rawSpec: '',
48 silly mapToRegistry   spec: 'latest',
48 silly mapToRegistry   type: 'tag' }
49 silly mapToRegistry uri https://registry.npmjs.org/yarn
50 verbose addNameTag registry:https://registry.npmjs.org/yarn not in flight; fetching
51 verbose get https://registry.npmjs.org/yarn not expired, no request
52 silly addNameTag next cb for yarn with tag latest
53 silly addNamed yarn@1.1.0
54 verbose addNamed "1.1.0" is a plain semver version for yarn
55 silly mapToRegistry name yarn
56 silly mapToRegistry using default registry
57 silly mapToRegistry registry https://registry.npmjs.org/
58 silly mapToRegistry data Result {
58 silly mapToRegistry   raw: 'yarn',
58 silly mapToRegistry   scope: null,
58 silly mapToRegistry   escapedName: 'yarn',
58 silly mapToRegistry   name: 'yarn',
58 silly mapToRegistry   rawSpec: '',
58 silly mapToRegistry   spec: 'latest',
58 silly mapToRegistry   type: 'tag' }
59 silly mapToRegistry uri https://registry.npmjs.org/yarn
60 verbose addRemoteTarball https://registry.npmjs.org/yarn/-/yarn-1.1.0.tgz not in flight; adding
61 verbose addRemoteTarball [ 'https://registry.npmjs.org/yarn/-/yarn-1.1.0.tgz',
61 verbose addRemoteTarball   'f2da9340490236b6c56de305b1c21a8a19c433c3' ]
62 info retry fetch attempt 1 at 12:32:01 PM
63 info attempt registry request try #1 at 12:32:01 PM
64 http fetch GET https://registry.npmjs.org/yarn/-/yarn-1.1.0.tgz
65 http fetch 200 https://registry.npmjs.org/yarn/-/yarn-1.1.0.tgz
66 silly fetchAndShaCheck shasum f2da9340490236b6c56de305b1c21a8a19c433c3
67 verbose addTmpTarball /var/folders/tj/st06mr2n0_38qyvpk__4y8l9_7780t/T/npm-5208-49278e70/registry.npmjs.org/yarn/-/yarn-1.1.0.tgz not in flight; adding
68 verbose addTmpTarball already have metadata; skipping unpack for yarn@1.1.0
69 verbose correctMkdir /Users/vskry/.npm correctMkdir not in flight; initializing
70 silly cache afterAdd yarn@1.1.0
71 verbose afterAdd /Users/vskry/.npm/yarn/1.1.0/package/package.json not in flight; writing
72 verbose correctMkdir /Users/vskry/.npm correctMkdir not in flight; initializing
73 verbose afterAdd /Users/vskry/.npm/yarn/1.1.0/package/package.json written
74 silly loadAllDepsIntoIdealTree Finishing
75 silly loadIdealTree Finishing
76 silly currentTree lib
77 silly idealTree lib
77 silly idealTree └── yarn@1.1.0
78 silly generateActionsToTake Starting
79 silly install generateActionsToTake
80 silly generateActionsToTake Finishing
81 silly diffTrees action count 1
82 silly diffTrees add yarn@1.1.0
83 silly decomposeActions action count 8
84 silly decomposeActions fetch yarn@1.1.0
85 silly decomposeActions extract yarn@1.1.0
86 silly decomposeActions test yarn@1.1.0
87 silly decomposeActions preinstall yarn@1.1.0
88 silly decomposeActions build yarn@1.1.0
89 silly decomposeActions install yarn@1.1.0
90 silly decomposeActions postinstall yarn@1.1.0
91 silly decomposeActions finalize yarn@1.1.0
92 silly runTopLevelLifecycles Starting
93 silly executeActions Starting
94 silly install executeActions
95 silly doSerial global-install 0
96 silly doParallel fetch 1
97 verbose correctMkdir /Users/vskry/.npm/_locks correctMkdir not in flight; initializing
98 verbose makeDirectory /Users/vskry/.npm/_locks creation not in flight; initializing
99 silly makeDirectory /Users/vskry/.npm/_locks uid: 1416863770 gid: 188724832
100 verbose lock using /Users/vskry/.npm/_locks/staging-3a08f0df5026584d.lock for /usr/local/lib/node_modules/.staging
101 silly doParallel extract 1
102 silly extract yarn@1.1.0
103 verbose unbuild lib/node_modules/.staging/yarn-53412bb0
104 silly gentlyRm /usr/local/lib/node_modules/.staging/yarn-53412bb0 is being purged from base /usr/local
105 verbose gentlyRm don't care about contents; nuking /usr/local/lib/node_modules/.staging/yarn-53412bb0
106 verbose tar unpack /Users/vskry/.npm/yarn/1.1.0/package.tgz
107 verbose tar unpacking to /usr/local/lib/node_modules/.staging/yarn-53412bb0
108 silly gentlyRm /usr/local/lib/node_modules/.staging/yarn-53412bb0 is being purged
109 verbose gentlyRm don't care about contents; nuking /usr/local/lib/node_modules/.staging/yarn-53412bb0
110 silly gunzTarPerm modes [ '755', '644' ]
111 silly gunzTarPerm extractEntry bin/
112 silly gunzTarPerm extractEntry bin/yarn.js
113 silly gunzTarPerm extractEntry bin/yarn
114 silly gunzTarPerm extractEntry bin/yarnpkg
115 silly gunzTarPerm extractEntry bin/yarn.cmd
116 silly gunzTarPerm extractEntry bin/yarnpkg.cmd
117 silly gunzTarPerm extractEntry lib/
118 silly gunzTarPerm extractEntry lib/cli.js
119 silly gunzTarPerm extractEntry lib/v8-compile-cache.js
120 silly gunzTarPerm extractEntry LICENSE
121 silly gunzTarPerm extractEntry package.json
122 silly gunzTarPerm extractEntry README.md
123 silly gentlyRm /usr/local/lib/node_modules/.staging/yarn-53412bb0/node_modules is being purged
124 verbose gentlyRm don't care about contents; nuking /usr/local/lib/node_modules/.staging/yarn-53412bb0/node_modules
125 silly doParallel preinstall 1
126 silly preinstall yarn@1.1.0 /usr/local/lib/node_modules/.staging/yarn-53412bb0
127 info lifecycle yarn@1.1.0~preinstall: yarn@1.1.0
128 silly lifecycle yarn@1.1.0~preinstall: no script for preinstall, continuing
129 silly doReverseSerial remove 0
130 silly doSerial move 0
131 silly doSerial finalize 1
132 silly finalize /usr/local/lib/node_modules/yarn
133 silly doSerial build 1
134 silly build yarn@1.1.0
135 info linkStuff yarn@1.1.0
136 silly linkStuff yarn@1.1.0 has /usr/local/lib/node_modules as its parent node_modules
137 silly linkStuff yarn@1.1.0 is part of a global install
138 silly linkStuff yarn@1.1.0 is installed into a global node_modules
139 silly linkStuff yarn@1.1.0 is installed into the top-level global node_modules
140 verbose linkBins yarn@1.1.0
141 verbose link bins [ { yarn: './bin/yarn.js', yarnpkg: './bin/yarn.js' },
141 verbose link bins   '/usr/local/bin',
141 verbose link bins   true ]
142 verbose linkMans yarn@1.1.0
143 silly gentlyRm /usr/local/bin/yarn is being gently removed
144 silly gentlyRm /usr/local/bin/yarnpkg is being gently removed
145 verbose unlock done using /Users/vskry/.npm/_locks/staging-3a08f0df5026584d.lock for /usr/local/lib/node_modules/.staging
146 silly rollbackFailedOptional Starting
147 silly rollbackFailedOptional Finishing
148 silly runTopLevelLifecycles Finishing
149 silly install printInstalled
150 verbose stack Error: EACCES: permission denied, symlink '../lib/node_modules/yarn/bin/yarn.js' -> '/usr/local/bin/yarn'
150 verbose stack     at Error (native)
151 verbose cwd /Users/vskry/Documents/shop
152 error Darwin 16.7.0
153 error argv "/usr/local/bin/node" "/usr/local/bin/npm" "i" "-g" "yarn"
154 error node v6.11.3
155 error npm  v3.10.10
156 error path ../lib/node_modules/yarn/bin/yarn.js
157 error code EACCES
158 error errno -13
159 error syscall symlink
160 error Error: EACCES: permission denied, symlink '../lib/node_modules/yarn/bin/yarn.js' -> '/usr/local/bin/yarn'
160 error     at Error (native)
160 error  { Error: EACCES: permission denied, symlink '../lib/node_modules/yarn/bin/yarn.js' -> '/usr/local/bin/yarn'
160 error     at Error (native)
160 error   errno: -13,
160 error   code: 'EACCES',
160 error   syscall: 'symlink',
160 error   path: '../lib/node_modules/yarn/bin/yarn.js',
160 error   dest: '/usr/local/bin/yarn' }
161 error Please try running this command again as root/Administrator.
162 verbose exit [ -13, true ]
